0 info it worked if it ends with ok
1 verbose cli [ 'node', '/usr/local/bin/npm', 'install', 'yeoman', '-g' ]
2 info using npm@1.2.10
3 info using node@v0.8.19
4 verbose read json /usr/local/lib/package.json
5 verbose read json /usr/local/lib/package.json
6 verbose cache add [ 'yeoman', null ]
7 verbose cache add name=undefined spec="yeoman" args=["yeoman",null]
8 verbose parsed url { pathname: 'yeoman', path: 'yeoman', href: 'yeoman' }
9 silly lockFile 6b23522e-yeoman yeoman
10 verbose lock yeoman /Users/llonkap-/.npm/6b23522e-yeoman.lock
11 silly lockFile 6b23522e-yeoman yeoman
12 silly lockFile 6b23522e-yeoman yeoman
13 verbose addNamed [ 'yeoman', '' ]
14 verbose addNamed [ null, '' ]
15 silly lockFile 70747b36-yeoman yeoman@
16 verbose lock yeoman@ /Users/llonkap-/.npm/70747b36-yeoman.lock
17 silly addNameRange { name: 'yeoman', range: '', hasData: false }
18 verbose url raw yeoman
19 verbose url resolving [ 'https://registry.npmjs.org/', './yeoman' ]
20 verbose url resolved https://registry.npmjs.org/yeoman
21 info trying registry request attempt 1 at 12:24:42
22 http GET https://registry.npmjs.org/yeoman
23 info retry will retry, error on last attempt: Error: connect ETIMEDOUT
24 info trying registry request attempt 2 at 12:26:08
25 http GET https://registry.npmjs.org/yeoman
26 info retry will retry, error on last attempt: Error: connect ETIMEDOUT
27 info trying registry request attempt 3 at 12:28:24
28 http GET https://registry.npmjs.org/yeoman
29 silly lockFile 70747b36-yeoman yeoman@
30 silly lockFile 70747b36-yeoman yeoman@
31 error Error: connect ETIMEDOUT
31 error     at errnoException (net.js:770:11)
31 error     at Object.afterConnect [as oncomplete] (net.js:761:19)
32 error If you need help, you may report this log at:
32 error     <http://github.com/isaacs/npm/issues>
32 error or email it to:
32 error     <npm-@googlegroups.com>
33 error System Darwin 11.2.0
34 error command "node" "/usr/local/bin/npm" "install" "yeoman" "-g"
35 error cwd /Users/llonkap-/Dropbox/School/GIS5/PFE/rubyonrailsGenerator
36 error node -v v0.8.19
37 error npm -v 1.2.10
38 error syscall connect
39 error code ETIMEDOUT
40 error errno ETIMEDOUT
41 verbose exit [ 1, true ]
